mode: set
github.com/agilira/iris/binary.go:37.49,44.40 2 1
github.com/agilira/iris/binary.go:44.40,47.3 2 1
github.com/agilira/iris/binary.go:50.2,50.40 1 1
github.com/agilira/iris/binary.go:50.40,52.3 1 1
github.com/agilira/iris/binary.go:55.2,55.42 1 1
github.com/agilira/iris/binary.go:55.42,57.3 1 0
github.com/agilira/iris/binary.go:59.2,59.11 1 1
github.com/agilira/iris/binary.go:63.39,65.2 1 0
github.com/agilira/iris/binary.go:75.80,86.2 4 1
github.com/agilira/iris/binary.go:89.68,94.31 3 1
github.com/agilira/iris/binary.go:94.31,95.21 1 1
github.com/agilira/iris/binary.go:96.19,97.75 1 1
github.com/agilira/iris/binary.go:98.16,99.72 1 1
github.com/agilira/iris/binary.go:100.17,101.74 1 1
github.com/agilira/iris/binary.go:102.11,104.76 1 0
github.com/agilira/iris/binary.go:108.2,111.3 1 1
github.com/agilira/iris/binary.go:115.70,117.2 1 0
github.com/agilira/iris/binary.go:120.47,121.33 1 1
github.com/agilira/iris/binary.go:121.33,123.3 1 1
github.com/agilira/iris/binary.go:126.2,145.31 9 1
github.com/agilira/iris/binary.go:149.57,150.33 1 1
github.com/agilira/iris/binary.go:150.33,152.3 1 1
github.com/agilira/iris/binary.go:155.2,179.31 12 1
github.com/agilira/iris/binary.go:183.48,187.2 3 1
github.com/agilira/iris/binary.go:190.46,192.2 1 1
github.com/agilira/iris/binary_caller.go:25.42,29.2 1 1
github.com/agilira/iris/binary_caller.go:32.37,37.2 4 1
github.com/agilira/iris/binary_caller.go:40.34,45.2 4 1
github.com/agilira/iris/binary_caller.go:48.41,53.2 4 1
github.com/agilira/iris/binary_caller.go:56.33,58.17 2 1
github.com/agilira/iris/binary_caller.go:58.17,61.3 2 1
github.com/agilira/iris/binary_caller.go:62.2,68.17 4 1
github.com/agilira/iris/binary_caller.go:68.17,70.3 1 0
github.com/agilira/iris/binary_caller.go:72.2,73.8 2 1
github.com/agilira/iris/binary_caller.go:73.8,77.45 3 1
github.com/agilira/iris/binary_caller.go:77.45,79.4 1 1
github.com/agilira/iris/binary_caller.go:82.2,82.20 1 1
github.com/agilira/iris/binary_caller.go:91.42,94.28 1 1
github.com/agilira/iris/binary_caller.go:94.28,96.5 1 1
github.com/agilira/iris/binary_caller.go:102.64,110.2 7 1
github.com/agilira/iris/binary_caller.go:113.66,115.2 1 1
github.com/agilira/iris/binary_helpers.go:29.54,36.2 1 1
github.com/agilira/iris/binary_helpers.go:39.53,42.50 1 1
github.com/agilira/iris/binary_helpers.go:42.50,49.3 1 1
github.com/agilira/iris/binary_helpers.go:52.2,58.3 2 1
github.com/agilira/iris/binary_helpers.go:62.53,64.11 2 1
github.com/agilira/iris/binary_helpers.go:64.11,66.3 1 1
github.com/agilira/iris/binary_helpers.go:68.2,73.3 1 1
github.com/agilira/iris/binary_helpers.go:77.44,79.2 1 0
github.com/agilira/iris/binary_helpers.go:81.43,83.2 1 0
github.com/agilira/iris/binary_helpers.go:85.43,87.2 1 0
github.com/agilira/iris/binary_types.go:18.39,20.2 1 1
github.com/agilira/iris/binary_types.go:23.42,24.34 1 1
github.com/agilira/iris/binary_types.go:24.34,26.3 1 0
github.com/agilira/iris/binary_types.go:27.2,27.17 1 1
github.com/agilira/iris/binary_types.go:31.38,34.68 2 1
github.com/agilira/iris/binary_types.go:34.68,36.3 1 1
github.com/agilira/iris/binary_types.go:39.2,39.10 1 0
github.com/agilira/iris/binary_types.go:43.38,45.2 1 1
github.com/agilira/iris/binary_types.go:48.42,50.2 1 0
github.com/agilira/iris/binary_types.go:53.34,55.2 0 0
github.com/agilira/iris/console.go:34.55,38.2 1 1
github.com/agilira/iris/console.go:44.77,55.27 6 1
github.com/agilira/iris/console.go:55.27,58.3 2 1
github.com/agilira/iris/console.go:60.2,63.12 3 1
github.com/agilira/iris/console.go:67.78,68.30 1 1
github.com/agilira/iris/console.go:68.30,70.3 1 1
github.com/agilira/iris/console.go:73.2,74.39 2 1
github.com/agilira/iris/console.go:74.39,79.3 3 1
github.com/agilira/iris/console.go:81.2,84.12 4 1
github.com/agilira/iris/console.go:88.74,89.16 1 1
github.com/agilira/iris/console.go:89.16,91.3 1 1
github.com/agilira/iris/console.go:92.2,92.52 1 1
github.com/agilira/iris/console.go:96.79,99.15 2 1
github.com/agilira/iris/console.go:100.18,102.30 2 1
github.com/agilira/iris/console.go:103.17,105.30 2 1
github.com/agilira/iris/console.go:106.17,108.30 2 0
github.com/agilira/iris/console.go:109.18,111.30 2 1
github.com/agilira/iris/console.go:112.10,119.13 6 0
github.com/agilira/iris/console.go:122.2,126.12 5 1
github.com/agilira/iris/console.go:130.82,132.15 1 1
github.com/agilira/iris/console.go:133.18,134.32 1 1
github.com/agilira/iris/console.go:135.17,136.32 1 1
github.com/agilira/iris/console.go:137.17,138.32 1 1
github.com/agilira/iris/console.go:139.18,140.32 1 1
github.com/agilira/iris/console.go:141.10,143.43 1 1
github.com/agilira/iris/console.go:145.2,146.12 2 1
github.com/agilira/iris/console.go:150.76,151.45 1 1
github.com/agilira/iris/console.go:151.45,155.3 3 1
github.com/agilira/iris/console.go:155.8,157.3 1 1
github.com/agilira/iris/console.go:158.2,158.12 1 1
github.com/agilira/iris/console.go:162.75,163.25 1 1
github.com/agilira/iris/console.go:163.25,165.3 1 1
github.com/agilira/iris/console.go:167.2,168.16 2 1
github.com/agilira/iris/console.go:168.16,170.3 1 1
github.com/agilira/iris/console.go:171.2,175.47 3 1
github.com/agilira/iris/console.go:175.47,177.3 1 1
github.com/agilira/iris/console.go:179.2,184.16 5 1
github.com/agilira/iris/console.go:184.16,186.3 1 1
github.com/agilira/iris/console.go:187.2,187.12 1 1
github.com/agilira/iris/console.go:191.79,192.28 1 1
github.com/agilira/iris/console.go:192.28,194.3 1 1
github.com/agilira/iris/console.go:196.2,197.16 2 1
github.com/agilira/iris/console.go:197.16,199.3 1 0
github.com/agilira/iris/console.go:200.2,201.16 2 1
github.com/agilira/iris/console.go:201.16,203.3 1 0
github.com/agilira/iris/console.go:204.2,206.12 3 1
github.com/agilira/iris/console.go:210.57,211.15 1 1
github.com/agilira/iris/console.go:212.18,213.17 1 1
github.com/agilira/iris/console.go:214.17,215.14 1 1
github.com/agilira/iris/console.go:216.17,217.16 1 1
github.com/agilira/iris/console.go:218.18,219.13 1 1
github.com/agilira/iris/console.go:220.19,221.26 1 1
github.com/agilira/iris/console.go:222.18,223.26 1 1
github.com/agilira/iris/console.go:224.18,225.26 1 1
github.com/agilira/iris/console.go:226.10,227.15 1 1
github.com/agilira/iris/console.go:232.56,233.15 1 1
github.com/agilira/iris/console.go:234.18,235.17 1 1
github.com/agilira/iris/console.go:236.17,237.17 1 1
github.com/agilira/iris/console.go:238.17,239.17 1 1
github.com/agilira/iris/console.go:240.18,241.17 1 1
github.com/agilira/iris/console.go:242.19,243.18 1 1
github.com/agilira/iris/console.go:244.18,245.17 1 1
github.com/agilira/iris/console.go:246.18,247.17 1 1
github.com/agilira/iris/console.go:248.10,249.19 1 1
github.com/agilira/iris/console.go:257.74,259.31 1 1
github.com/agilira/iris/console.go:259.31,260.12 1 1
github.com/agilira/iris/console.go:260.12,262.4 1 1
github.com/agilira/iris/console.go:265.3,265.17 1 1
github.com/agilira/iris/console.go:265.17,269.4 3 1
github.com/agilira/iris/console.go:269.9,271.4 1 1
github.com/agilira/iris/console.go:272.3,275.39 2 1
github.com/agilira/iris/console.go:277.2,277.12 1 1
github.com/agilira/iris/console.go:284.75,285.20 1 1
github.com/agilira/iris/console.go:286.34,287.45 1 1
github.com/agilira/iris/console.go:288.58,289.47 1 1
github.com/agilira/iris/console.go:290.63,291.43 1 1
github.com/agilira/iris/console.go:292.32,293.60 1 1
github.com/agilira/iris/console.go:294.16,295.44 1 1
github.com/agilira/iris/console.go:296.30,297.43 1 1
github.com/agilira/iris/console.go:298.38,299.46 1 1
github.com/agilira/iris/console.go:300.18,302.38 1 1
github.com/agilira/iris/console.go:303.10,304.38 1 0
github.com/agilira/iris/console.go:309.80,310.30 1 1
github.com/agilira/iris/console.go:310.30,312.3 1 1
github.com/agilira/iris/console.go:313.2,313.50 1 1
github.com/agilira/iris/console.go:317.78,318.32 1 1
github.com/agilira/iris/console.go:318.32,320.3 1 1
github.com/agilira/iris/console.go:321.2,321.42 1 0
github.com/agilira/iris/console.go:325.81,326.20 1 1
github.com/agilira/iris/console.go:327.17,328.44 1 1
github.com/agilira/iris/console.go:329.18,330.47 1 1
github.com/agilira/iris/console.go:331.15,332.42 1 1
github.com/agilira/iris/console.go:333.10,334.13 1 0
github.com/agilira/iris/console.go:339.73,341.31 1 1
github.com/agilira/iris/console.go:341.31,346.3 4 1
github.com/agilira/iris/console.go:346.8,348.3 1 1
github.com/agilira/iris/console.go:349.2,349.12 1 1
github.com/agilira/iris/console.go:353.74,357.2 2 1
github.com/agilira/iris/console.go:360.69,361.7 1 1
github.com/agilira/iris/console.go:361.7,363.3 1 1
github.com/agilira/iris/console.go:364.2,364.32 1 1
github.com/agilira/iris/console.go:368.78,371.2 2 1
github.com/agilira/iris/console.go:374.74,377.2 2 1
github.com/agilira/iris/console.go:380.73,381.16 1 1
github.com/agilira/iris/console.go:381.16,383.3 1 1
github.com/agilira/iris/console.go:385.2,386.26 2 1
github.com/agilira/iris/console.go:386.26,390.3 3 1
github.com/agilira/iris/console.go:390.8,392.3 1 0
github.com/agilira/iris/console.go:393.2,393.12 1 1
github.com/agilira/iris/console.go:397.81,399.21 2 1
github.com/agilira/iris/console.go:399.21,403.3 3 1
github.com/agilira/iris/console.go:403.8,405.3 1 1
github.com/agilira/iris/console.go:406.2,406.12 1 1
github.com/agilira/iris/console.go:410.77,415.2 4 1
github.com/agilira/iris/console.go:418.79,419.18 1 1
github.com/agilira/iris/console.go:419.18,421.3 1 1
github.com/agilira/iris/console.go:422.2,422.32 1 0
github.com/agilira/iris/console.go:426.34,428.2 1 1
github.com/agilira/iris/console.go:431.38,432.45 1 1
github.com/agilira/iris/console.go:432.45,433.35 1 1
github.com/agilira/iris/console.go:433.35,435.4 1 1
github.com/agilira/iris/console.go:437.2,437.11 1 0
github.com/agilira/iris/encoder.go:22.36,26.2 1 1
github.com/agilira/iris/encoder.go:31.31,33.2 1 1
github.com/agilira/iris/encoder.go:38.38,40.2 1 1
github.com/agilira/iris/encoder.go:43.138,61.2 10 1
github.com/agilira/iris/encoder.go:66.48,73.20 4 1
github.com/agilira/iris/encoder.go:74.18,78.29 3 1
github.com/agilira/iris/encoder.go:80.26,82.50 1 1
github.com/agilira/iris/encoder.go:84.16,86.17 1 1
github.com/agilira/iris/encoder.go:86.17,88.4 1 1
github.com/agilira/iris/encoder.go:88.9,90.4 1 1
github.com/agilira/iris/encoder.go:92.19,94.63 1 1
github.com/agilira/iris/encoder.go:97.38,98.50 1 1
github.com/agilira/iris/encoder.go:100.63,103.47 2 1
github.com/agilira/iris/encoder.go:105.19,106.63 1 1
github.com/agilira/iris/encoder.go:108.18,110.84 1 1
github.com/agilira/iris/encoder.go:112.10,114.31 1 1
github.com/agilira/iris/encoder.go:119.56,120.20 1 1
github.com/agilira/iris/encoder.go:121.20,125.29 4 1
github.com/agilira/iris/encoder.go:127.22,130.29 3 1
github.com/agilira/iris/encoder.go:132.18,136.29 4 1
github.com/agilira/iris/encoder.go:138.15,140.23 1 1
github.com/agilira/iris/encoder.go:140.23,142.4 1 1
github.com/agilira/iris/encoder.go:142.9,144.4 1 1
github.com/agilira/iris/encoder.go:146.17,147.23 1 1
github.com/agilira/iris/encoder.go:147.23,151.4 3 1
github.com/agilira/iris/encoder.go:151.9,153.4 1 1
github.com/agilira/iris/encoder.go:155.10,159.29 3 0
github.com/agilira/iris/encoder.go:166.50,168.25 1 1
github.com/agilira/iris/encoder.go:168.25,172.3 2 1
github.com/agilira/iris/encoder.go:175.2,175.35 1 1
github.com/agilira/iris/encoder.go:179.52,180.30 1 1
github.com/agilira/iris/encoder.go:180.30,182.38 2 1
github.com/agilira/iris/encoder.go:182.38,184.4 1 1
github.com/agilira/iris/encoder.go:186.2,186.14 1 1
github.com/agilira/iris/encoder.go:190.62,192.30 2 1
github.com/agilira/iris/encoder.go:192.30,194.38 2 1
github.com/agilira/iris/encoder.go:194.38,196.17 1 1
github.com/agilira/iris/encoder.go:196.17,198.5 1 1
github.com/agilira/iris/encoder.go:201.4,202.17 2 1
github.com/agilira/iris/encoder.go:207.2,207.20 1 1
github.com/agilira/iris/encoder.go:207.20,209.3 1 1
github.com/agilira/iris/encoder.go:213.49,215.11 1 1
github.com/agilira/iris/encoder.go:216.11,217.35 1 1
github.com/agilira/iris/encoder.go:218.12,219.36 1 1
github.com/agilira/iris/encoder.go:220.12,221.35 1 1
github.com/agilira/iris/encoder.go:222.12,223.35 1 1
github.com/agilira/iris/encoder.go:224.12,225.35 1 1
github.com/agilira/iris/encoder.go:226.10,228.27 1 0
github.com/agilira/iris/encoder.go:235.60,237.27 1 1
github.com/agilira/iris/encoder.go:238.14,242.29 3 1
github.com/agilira/iris/encoder.go:243.25,244.25 1 1
github.com/agilira/iris/encoder.go:245.12,246.22 1 0
github.com/agilira/iris/encoder.go:247.24,248.23 1 0
github.com/agilira/iris/encoder.go:249.11,250.44 1 0
github.com/agilira/iris/encoder.go:251.10,252.29 1 1
github.com/agilira/iris/encoder.go:257.60,258.27 1 1
github.com/agilira/iris/encoder.go:259.11,260.49 1 1
github.com/agilira/iris/encoder.go:261.13,262.42 1 0
github.com/agilira/iris/encoder.go:263.13,264.49 1 0
github.com/agilira/iris/encoder.go:269.50,270.11 1 1
github.com/agilira/iris/encoder.go:270.11,272.3 1 1
github.com/agilira/iris/encoder.go:272.8,274.3 1 1
github.com/agilira/iris/encoder.go:278.58,279.27 1 1
github.com/agilira/iris/encoder.go:280.15,281.53 1 1
github.com/agilira/iris/encoder.go:282.15,283.62 1 1
github.com/agilira/iris/encoder.go:288.60,290.16 2 1
github.com/agilira/iris/encoder.go:290.16,292.3 1 1
github.com/agilira/iris/encoder.go:292.8,294.3 1 1
github.com/agilira/iris/encoder.go:298.141,300.25 2 1
github.com/agilira/iris/encoder.go:300.25,302.3 1 1
github.com/agilira/iris/encoder.go:304.2,305.18 2 1
github.com/agilira/iris/encoder.go:305.18,307.3 1 1
github.com/agilira/iris/encoder.go:308.2,308.22 1 1
github.com/agilira/iris/encoder.go:308.22,310.3 1 1
github.com/agilira/iris/encoder.go:313.2,313.32 1 1
github.com/agilira/iris/encoder.go:313.32,315.3 1 1
github.com/agilira/iris/encoder.go:319.64,320.25 1 1
github.com/agilira/iris/encoder.go:320.25,324.3 3 1
github.com/agilira/iris/encoder.go:328.73,329.25 1 1
github.com/agilira/iris/encoder.go:329.25,331.3 1 1
github.com/agilira/iris/encoder.go:332.2,334.28 3 1
github.com/agilira/iris/encoder.go:338.55,339.18 1 1
github.com/agilira/iris/encoder.go:339.18,346.28 6 1
github.com/agilira/iris/encoder.go:346.28,350.4 3 1
github.com/agilira/iris/encoder.go:355.63,356.22 1 1
github.com/agilira/iris/encoder.go:356.22,360.3 3 1
github.com/agilira/iris/encoder.go:364.57,368.2 3 1
github.com/agilira/iris/encoder.go:371.56,373.20 2 1
github.com/agilira/iris/encoder.go:373.20,376.3 1 1
github.com/agilira/iris/encoder.go:376.8,376.27 1 1
github.com/agilira/iris/encoder.go:376.27,378.34 1 1
github.com/agilira/iris/encoder.go:378.34,381.4 2 1
github.com/agilira/iris/encoder.go:382.8,384.25 1 1
github.com/agilira/iris/encoder.go:384.25,387.4 2 1
github.com/agilira/iris/factory.go:17.42,37.59 7 1
github.com/agilira/iris/factory.go:37.59,39.3 1 0
github.com/agilira/iris/factory.go:42.2,42.61 1 1
github.com/agilira/iris/factory.go:42.61,44.3 1 0
github.com/agilira/iris/factory.go:47.2,49.20 2 1
github.com/agilira/iris/factory.go:53.42,54.28 1 1
github.com/agilira/iris/factory.go:54.28,56.3 1 1
github.com/agilira/iris/factory.go:57.2,57.27 1 1
github.com/agilira/iris/factory.go:57.27,59.3 1 1
github.com/agilira/iris/factory.go:60.2,60.26 1 1
github.com/agilira/iris/factory.go:60.26,62.3 1 1
github.com/agilira/iris/factory.go:63.2,63.24 1 1
github.com/agilira/iris/factory.go:63.24,65.3 1 1
github.com/agilira/iris/factory.go:66.2,66.15 1 1
github.com/agilira/iris/factory.go:70.67,75.61 4 1
github.com/agilira/iris/factory.go:75.61,83.27 3 1
github.com/agilira/iris/factory.go:83.27,85.4 1 1
github.com/agilira/iris/factory.go:88.3,88.36 1 1
github.com/agilira/iris/factory.go:88.36,90.4 1 1
github.com/agilira/iris/factory.go:93.3,97.28 3 1
github.com/agilira/iris/factory.go:98.8,101.3 1 1
github.com/agilira/iris/factory.go:103.2,103.41 1 1
github.com/agilira/iris/factory.go:107.47,108.22 1 1
github.com/agilira/iris/factory.go:108.22,115.3 6 1
github.com/agilira/iris/factory.go:116.2,116.15 1 1
github.com/agilira/iris/factory.go:120.52,122.46 1 1
github.com/agilira/iris/factory.go:122.46,124.41 1 1
github.com/agilira/iris/factory.go:124.41,127.4 2 1
github.com/agilira/iris/factory.go:131.2,131.28 1 1
github.com/agilira/iris/factory.go:131.28,133.3 1 1
github.com/agilira/iris/factory.go:135.2,135.15 1 1
github.com/agilira/iris/factory.go:139.48,140.34 1 1
github.com/agilira/iris/factory.go:140.34,142.3 1 1
github.com/agilira/iris/factory.go:143.2,143.12 1 1
github.com/agilira/iris/factory.go:147.123,150.40 2 1
github.com/agilira/iris/factory.go:150.40,152.3 1 1
github.com/agilira/iris/factory.go:154.2,168.3 1 1
github.com/agilira/iris/factory.go:172.62,173.23 1 1
github.com/agilira/iris/factory.go:174.18,177.135 2 1
github.com/agilira/iris/factory.go:177.135,180.4 2 1
github.com/agilira/iris/factory.go:181.21,184.135 2 1
github.com/agilira/iris/factory.go:184.135,188.4 3 1
github.com/agilira/iris/factory.go:189.22,191.135 2 1
github.com/agilira/iris/factory.go:191.135,195.4 2 1
github.com/agilira/iris/factory.go:196.20,198.135 2 1
github.com/agilira/iris/factory.go:198.135,202.4 2 1
github.com/agilira/iris/factory.go:204.2,204.12 1 1
github.com/agilira/iris/factory.go:208.64,215.16 3 1
github.com/agilira/iris/factory.go:215.16,217.3 1 0
github.com/agilira/iris/factory.go:218.2,218.12 1 1
github.com/agilira/iris/field.go:23.45,25.2 1 0
github.com/agilira/iris/field.go:28.49,30.2 1 0
github.com/agilira/iris/field.go:33.51,35.2 1 0
github.com/agilira/iris/field.go:39.57,40.28 1 1
github.com/agilira/iris/field.go:40.28,42.3 1 1
github.com/agilira/iris/field.go:44.2,45.34 2 1
github.com/agilira/iris/field.go:45.34,47.3 1 1
github.com/agilira/iris/field.go:48.2,48.21 1 1
github.com/agilira/iris/field.go:53.42,67.19 4 1
github.com/agilira/iris/field.go:68.46,69.55 1 1
github.com/agilira/iris/field.go:70.58,71.40 1 1
github.com/agilira/iris/field.go:72.63,73.41 1 1
github.com/agilira/iris/field.go:74.32,76.54 1 1
github.com/agilira/iris/field.go:77.16,78.28 1 1
github.com/agilira/iris/field.go:79.30,80.37 1 1
github.com/agilira/iris/field.go:81.10,81.10 0 1
github.com/agilira/iris/field.go:85.2,85.14 1 1
github.com/agilira/iris/field.go:89.85,90.29 1 1
github.com/agilira/iris/field.go:90.29,94.3 1 1
github.com/agilira/iris/field.go:94.8,97.3 1 1
github.com/agilira/iris/field.go:98.2,98.14 1 1
github.com/agilira/iris/field.go:102.60,103.69 1 1
github.com/agilira/iris/field.go:103.69,105.3 1 1
github.com/agilira/iris/field.go:105.8,109.3 2 0
github.com/agilira/iris/field.go:110.2,110.14 1 1
github.com/agilira/iris/field.go:114.61,115.69 1 1
github.com/agilira/iris/field.go:115.69,117.3 1 1
github.com/agilira/iris/field.go:117.8,121.3 2 1
github.com/agilira/iris/field.go:122.2,122.14 1 1
github.com/agilira/iris/field.go:126.57,127.69 1 1
github.com/agilira/iris/field.go:127.69,129.3 1 1
github.com/agilira/iris/field.go:129.8,133.3 2 0
github.com/agilira/iris/field.go:134.2,134.14 1 1
github.com/agilira/iris/field.go:142.45,143.20 1 1
github.com/agilira/iris/field.go:144.18,145.44 1 1
github.com/agilira/iris/field.go:146.58,147.41 1 1
github.com/agilira/iris/field.go:148.63,149.41 1 0
github.com/agilira/iris/field.go:150.16,151.43 1 1
github.com/agilira/iris/field.go:152.10,154.50 1 1
github.com/agilira/iris/field.go:159.51,161.2 1 1
github.com/agilira/iris/field.go:164.77,165.22 1 1
github.com/agilira/iris/field.go:165.22,167.3 1 0
github.com/agilira/iris/field.go:169.2,169.28 1 1
github.com/agilira/iris/field.go:169.28,171.3 1 0
github.com/agilira/iris/field.go:173.2,174.31 2 1
github.com/agilira/iris/field.go:174.31,176.3 1 1
github.com/agilira/iris/field.go:177.2,177.21 1 1
github.com/agilira/iris/field.go:181.83,182.28 1 0
github.com/agilira/iris/field.go:182.28,184.3 1 0
github.com/agilira/iris/field.go:186.2,186.34 1 0
github.com/agilira/iris/field.go:186.34,188.3 1 0
github.com/agilira/iris/field.go:190.2,191.34 2 0
github.com/agilira/iris/field.go:191.34,193.3 1 0
github.com/agilira/iris/field.go:194.2,194.21 1 0
github.com/agilira/iris/field.go:208.44,213.2 1 0
github.com/agilira/iris/field.go:216.32,218.2 1 0
github.com/agilira/iris/field.go:221.44,223.2 1 0
github.com/agilira/iris/field.go:226.41,228.2 1 0
github.com/agilira/iris/field_constructors.go:17.38,23.2 1 1
github.com/agilira/iris/field_constructors.go:28.35,34.2 1 1
github.com/agilira/iris/field_constructors.go:39.39,45.2 1 1
github.com/agilira/iris/field_constructors.go:50.43,56.2 1 1
github.com/agilira/iris/field_constructors.go:61.41,67.2 1 1
github.com/agilira/iris/field_constructors.go:72.47,78.2 1 1
github.com/agilira/iris/field_constructors.go:83.45,85.2 1 1
github.com/agilira/iris/field_constructors.go:88.54,94.2 1 1
github.com/agilira/iris/field_constructors.go:97.46,103.2 1 1
github.com/agilira/iris/field_constructors.go:106.29,112.2 1 1
github.com/agilira/iris/field_constructors.go:115.27,117.2 1 1
github.com/agilira/iris/field_constructors.go:122.43,124.2 1 1
github.com/agilira/iris/field_constructors.go:127.43,129.2 1 1
github.com/agilira/iris/field_constructors.go:132.41,134.2 1 1
github.com/agilira/iris/field_constructors.go:137.41,138.49 1 1
github.com/agilira/iris/field_constructors.go:138.49,140.3 1 1
github.com/agilira/iris/field_constructors.go:142.2,142.76 1 0
github.com/agilira/iris/field_constructors.go:146.45,147.51 1 1
github.com/agilira/iris/field_constructors.go:147.51,149.3 1 1
github.com/agilira/iris/field_constructors.go:151.2,151.76 1 1
github.com/agilira/iris/field_constructors.go:155.45,157.2 1 1
github.com/agilira/iris/field_constructors.go:160.45,162.2 1 1
github.com/agilira/iris/field_constructors.go:165.43,167.2 1 1
github.com/agilira/iris/field_constructors.go:170.47,172.2 1 1
github.com/agilira/iris/field_constructors.go:175.49,177.2 1 1
github.com/agilira/iris/field_constructors.go:180.45,182.2 1 1
github.com/agilira/iris/field_constructors.go:185.47,187.2 1 1
github.com/agilira/iris/field_constructors.go:191.38,197.2 1 1
github.com/agilira/iris/field_constructors.go:200.53,206.2 1 1
github.com/agilira/iris/field_helpers.go:20.39,21.21 1 1
github.com/agilira/iris/field_helpers.go:21.21,23.3 1 1
github.com/agilira/iris/field_helpers.go:25.2,25.35 1 1
github.com/agilira/iris/field_helpers.go:25.35,27.3 1 1
github.com/agilira/iris/field_helpers.go:29.2,29.12 1 1
github.com/agilira/iris/field_helpers.go:33.49,34.19 1 1
github.com/agilira/iris/field_helpers.go:38.50,39.14 1 1
github.com/agilira/iris/field_helpers.go:40.10,41.15 1 1
github.com/agilira/iris/field_helpers.go:50.45,51.20 1 1
github.com/agilira/iris/field_helpers.go:52.18,53.22 1 1
github.com/agilira/iris/field_helpers.go:54.58,55.19 1 1
github.com/agilira/iris/field_helpers.go:56.63,57.34 1 0
github.com/agilira/iris/field_helpers.go:58.32,59.21 1 1
github.com/agilira/iris/field_helpers.go:60.16,61.20 1 1
github.com/agilira/iris/field_helpers.go:62.30,63.34 1 0
github.com/agilira/iris/field_helpers.go:64.54,65.37 1 1
github.com/agilira/iris/field_helpers.go:66.10,67.13 1 0
github.com/agilira/iris/field_helpers.go:72.49,76.2 2 0
github.com/agilira/iris/field_helpers.go:79.49,80.28 1 0
github.com/agilira/iris/field_helpers.go:80.28,82.3 1 0
github.com/agilira/iris/field_helpers.go:83.2,83.33 1 0
github.com/agilira/iris/field_helpers.go:87.52,88.20 1 1
github.com/agilira/iris/field_helpers.go:89.17,90.19 1 1
github.com/agilira/iris/field_helpers.go:91.34,92.21 1 1
github.com/agilira/iris/field_helpers.go:93.15,94.19 1 1
github.com/agilira/iris/field_helpers.go:95.10,96.13 1 0
github.com/agilira/iris/field_helpers.go:101.41,102.20 1 1
github.com/agilira/iris/field_helpers.go:103.34,104.36 1 1
github.com/agilira/iris/field_helpers.go:105.58,106.42 1 1
github.com/agilira/iris/field_helpers.go:107.63,108.30 1 0
github.com/agilira/iris/field_helpers.go:109.32,110.55 1 1
github.com/agilira/iris/field_helpers.go:111.16,112.40 1 1
github.com/agilira/iris/field_helpers.go:113.30,114.30 1 0
github.com/agilira/iris/field_helpers.go:115.38,116.33 1 1
github.com/agilira/iris/field_helpers.go:117.10,118.12 1 0
github.com/agilira/iris/field_helpers.go:123.46,124.30 1 1
github.com/agilira/iris/field_helpers.go:124.30,126.3 1 1
github.com/agilira/iris/field_helpers.go:127.2,127.28 1 1
github.com/agilira/iris/field_helpers.go:131.40,135.2 2 0
github.com/agilira/iris/field_helpers.go:138.40,139.28 1 0
github.com/agilira/iris/field_helpers.go:139.28,141.3 1 0
github.com/agilira/iris/field_helpers.go:142.2,142.42 1 0
github.com/agilira/iris/field_helpers.go:146.43,147.20 1 1
github.com/agilira/iris/field_helpers.go:148.17,149.23 1 1
github.com/agilira/iris/field_helpers.go:149.23,151.4 1 1
github.com/agilira/iris/field_helpers.go:152.3,152.12 1 0
github.com/agilira/iris/field_helpers.go:153.18,154.53 1 0
github.com/agilira/iris/field_helpers.go:155.15,156.38 1 1
github.com/agilira/iris/field_helpers.go:157.10,158.12 1 0
github.com/agilira/iris/field_helpers.go:167.35,168.40 1 0
github.com/agilira/iris/field_helpers.go:168.40,170.3 1 0
github.com/agilira/iris/field_helpers.go:172.2,172.34 1 0
github.com/agilira/iris/field_helpers.go:176.43,177.16 1 0
github.com/agilira/iris/field_helpers.go:178.18,179.35 1 0
github.com/agilira/iris/field_helpers.go:182.26,183.32 1 0
github.com/agilira/iris/field_helpers.go:184.32,185.34 1 0
github.com/agilira/iris/field_helpers.go:186.16,187.33 1 0
github.com/agilira/iris/field_helpers.go:188.17,189.34 1 0
github.com/agilira/iris/field_helpers.go:190.34,191.33 1 0
github.com/agilira/iris/field_helpers.go:192.15,193.32 1 0
github.com/agilira/iris/field_helpers.go:194.10,195.15 1 0
github.com/agilira/iris/field_helpers.go:200.43,202.2 1 0
github.com/agilira/iris/field_helpers.go:205.40,207.2 1 0
github.com/agilira/iris/field_helpers.go:210.42,212.2 1 0
github.com/agilira/iris/field_helpers.go:215.41,217.2 1 0
github.com/agilira/iris/field_helpers.go:220.42,223.2 1 0
github.com/agilira/iris/field_helpers.go:226.41,227.34 1 0
github.com/agilira/iris/field_helpers.go:227.34,229.3 1 0
github.com/agilira/iris/field_helpers.go:230.2,230.25 1 0
github.com/agilira/iris/field_helpers.go:230.25,231.31 1 0
github.com/agilira/iris/field_helpers.go:231.31,233.4 1 0
github.com/agilira/iris/field_helpers.go:235.2,235.13 1 0
github.com/agilira/iris/field_helpers.go:239.40,241.2 1 0
github.com/agilira/iris/field_helpers.go:244.36,248.24 2 0
github.com/agilira/iris/field_helpers.go:248.24,251.3 2 0
github.com/agilira/iris/field_helpers.go:253.2,253.14 1 0
github.com/agilira/iris/field_helpers.go:261.38,262.37 1 0
github.com/agilira/iris/field_helpers.go:262.37,263.40 1 0
github.com/agilira/iris/field_helpers.go:263.40,264.37 1 0
github.com/agilira/iris/field_helpers.go:264.37,266.5 1 0
github.com/agilira/iris/field_helpers.go:272.62,275.31 2 0
github.com/agilira/iris/field_helpers.go:275.31,277.3 1 0
github.com/agilira/iris/field_helpers.go:279.2,279.15 1 0
github.com/agilira/iris/field_helpers.go:296.47,302.22 2 0
github.com/agilira/iris/field_helpers.go:302.22,304.3 1 0
github.com/agilira/iris/field_helpers.go:306.2,309.31 3 0
github.com/agilira/iris/field_helpers.go:309.31,319.21 5 0
github.com/agilira/iris/field_helpers.go:320.19,321.41 1 0
github.com/agilira/iris/field_helpers.go:322.35,323.40 1 0
github.com/agilira/iris/field_helpers.go:324.11,325.25 1 0
github.com/agilira/iris/field_helpers.go:329.2,332.14 3 0
github.com/agilira/iris/field_helpers.go:341.52,343.22 2 1
github.com/agilira/iris/field_helpers.go:343.22,345.3 1 1
github.com/agilira/iris/field_helpers.go:346.2,346.27 1 1
github.com/agilira/iris/field_helpers.go:351.52,352.15 1 1
github.com/agilira/iris/field_helpers.go:352.15,354.3 1 1
github.com/agilira/iris/field_helpers.go:355.2,355.28 1 1
github.com/agilira/iris/field_helpers.go:359.48,361.2 1 1
github.com/agilira/iris/field_helpers.go:365.76,366.19 1 1
github.com/agilira/iris/field_helpers.go:367.63,369.33 1 1
github.com/agilira/iris/field_helpers.go:370.58,372.27 1 1
github.com/agilira/iris/field_helpers.go:373.30,375.27 1 1
github.com/agilira/iris/field_helpers.go:376.10,378.27 1 0
github.com/agilira/iris/field_helpers.go:385.63,386.16 1 1
github.com/agilira/iris/field_helpers.go:386.16,388.3 1 1
github.com/agilira/iris/field_helpers.go:391.2,391.28 1 1
github.com/agilira/iris/format_binary.go:20.40,24.2 1 1
github.com/agilira/iris/format_binary.go:27.33,29.2 1 1
github.com/agilira/iris/format_binary.go:32.40,34.2 1 1
github.com/agilira/iris/format_binary.go:37.146,42.18 3 1
github.com/agilira/iris/format_binary.go:42.18,44.3 1 1
github.com/agilira/iris/format_binary.go:45.2,48.32 2 1
github.com/agilira/iris/format_binary.go:48.32,50.3 1 0
github.com/agilira/iris/format_binary.go:55.2,56.25 2 1
github.com/agilira/iris/format_binary.go:56.25,58.3 1 1
github.com/agilira/iris/format_binary.go:61.2,69.18 4 1
github.com/agilira/iris/format_binary.go:69.18,71.3 1 1
github.com/agilira/iris/format_binary.go:72.2,77.20 4 1
github.com/agilira/iris/format_binary.go:77.20,79.3 1 0
github.com/agilira/iris/format_binary.go:82.2,87.18 4 1
github.com/agilira/iris/format_binary.go:87.18,89.20 2 1
github.com/agilira/iris/format_binary.go:89.20,91.4 1 0
github.com/agilira/iris/format_binary.go:93.3,99.41 5 1
github.com/agilira/iris/format_binary.go:103.2,104.22 2 1
github.com/agilira/iris/format_binary.go:104.22,106.3 1 0
github.com/agilira/iris/format_binary.go:107.2,110.34 2 1
github.com/agilira/iris/format_binary.go:110.34,112.3 1 1
github.com/agilira/iris/format_binary.go:116.66,119.18 2 1
github.com/agilira/iris/format_binary.go:119.18,121.3 1 0
github.com/agilira/iris/format_binary.go:124.2,129.20 4 1
github.com/agilira/iris/format_binary.go:130.48,131.35 1 1
github.com/agilira/iris/format_binary.go:132.40,134.43 1 1
github.com/agilira/iris/format_binary.go:135.23,136.43 1 1
github.com/agilira/iris/format_binary.go:137.46,138.34 1 0
github.com/agilira/iris/format_binary.go:139.151,140.43 1 0
github.com/agilira/iris/format_binary.go:141.44,142.43 1 0
github.com/agilira/iris/format_binary.go:143.25,150.43 2 0
github.com/agilira/iris/format_binary.go:151.10,153.30 1 0
github.com/agilira/iris/format_binary.go:158.149,163.18 3 1
github.com/agilira/iris/format_binary.go:163.18,165.3 1 0
github.com/agilira/iris/format_binary.go:166.2,169.32 2 1
github.com/agilira/iris/format_binary.go:169.32,171.3 1 0
github.com/agilira/iris/format_binary.go:176.2,177.25 2 1
github.com/agilira/iris/format_binary.go:177.25,179.3 1 1
github.com/agilira/iris/format_binary.go:182.2,190.18 4 1
github.com/agilira/iris/format_binary.go:190.18,192.3 1 0
github.com/agilira/iris/format_binary.go:193.2,198.20 4 1
github.com/agilira/iris/format_binary.go:198.20,200.3 1 0
github.com/agilira/iris/format_binary.go:203.2,208.18 4 1
github.com/agilira/iris/format_binary.go:208.18,210.20 2 0
github.com/agilira/iris/format_binary.go:210.20,212.4 1 0
github.com/agilira/iris/format_binary.go:214.3,220.41 5 0
github.com/agilira/iris/format_binary.go:224.2,225.22 2 1
github.com/agilira/iris/format_binary.go:225.22,227.3 1 0
github.com/agilira/iris/format_binary.go:228.2,231.34 2 1
github.com/agilira/iris/format_binary.go:231.34,233.3 1 1
github.com/agilira/iris/format_binary.go:237.69,240.18 2 1
github.com/agilira/iris/format_binary.go:240.18,242.3 1 0
github.com/agilira/iris/format_binary.go:245.2,250.20 4 1
github.com/agilira/iris/format_binary.go:251.34,252.44 1 1
github.com/agilira/iris/format_binary.go:253.115,254.38 1 1
github.com/agilira/iris/format_binary.go:255.16,256.38 1 0
github.com/agilira/iris/format_binary.go:257.32,258.43 1 0
github.com/agilira/iris/format_binary.go:259.30,260.38 1 0
github.com/agilira/iris/format_binary.go:261.18,267.37 5 1
github.com/agilira/iris/format_binary.go:268.10,270.30 1 0
github.com/agilira/iris/format_binary.go:275.68,278.20 3 1
github.com/agilira/iris/format_binary.go:278.20,280.3 1 0
github.com/agilira/iris/format_binary.go:283.2,285.40 3 1
github.com/agilira/iris/format_binary.go:289.61,296.2 3 1
github.com/agilira/iris/format_binary.go:299.59,300.11 1 1
github.com/agilira/iris/format_binary.go:300.11,302.3 1 1
github.com/agilira/iris/format_binary.go:302.8,304.3 1 0
github.com/agilira/iris/format_binary.go:308.67,309.38 1 0
github.com/agilira/iris/format_binary.go:309.38,318.3 3 0
github.com/agilira/iris/format_binary.go:318.8,327.3 4 0
github.com/agilira/iris/format_binary.go:331.71,335.30 3 1
github.com/agilira/iris/format_binary.go:335.30,338.3 2 1
github.com/agilira/iris/format_binary.go:338.8,342.3 2 0
github.com/agilira/iris/format_binary.go:344.2,344.20 1 1
github.com/agilira/iris/format_binary.go:344.20,346.3 1 0
github.com/agilira/iris/format_binary.go:349.2,351.40 3 1
github.com/agilira/iris/format_binary.go:355.70,356.31 1 0
github.com/agilira/iris/format_binary.go:356.31,365.3 3 0
github.com/agilira/iris/format_binary.go:365.8,373.3 3 0
github.com/agilira/iris/format_helpers.go:10.42,11.35 1 1
github.com/agilira/iris/format_helpers.go:11.35,12.16 1 1
github.com/agilira/iris/format_helpers.go:12.16,14.4 1 1
github.com/agilira/iris/format_helpers.go:16.2,16.11 1 1
github.com/agilira/iris/format_helpers.go:21.44,22.36 1 1
github.com/agilira/iris/format_helpers.go:22.36,24.3 1 1
github.com/agilira/iris/format_helpers.go:27.2,28.30 2 1
github.com/agilira/iris/format_helpers.go:28.30,30.12 2 1
github.com/agilira/iris/format_helpers.go:31.19,34.17 2 1
github.com/agilira/iris/format_helpers.go:34.17,36.5 1 1
github.com/agilira/iris/format_helpers.go:36.10,38.5 1 1
github.com/agilira/iris/format_helpers.go:39.13,41.26 1 1
github.com/agilira/iris/format_helpers.go:42.12,44.32 1 1
github.com/agilira/iris/format_helpers.go:45.13,47.33 1 1
github.com/agilira/iris/format_helpers.go:48.15,50.32 1 1
github.com/agilira/iris/format_helpers.go:51.11,53.26 1 1
github.com/agilira/iris/format_helpers.go:53.26,55.5 1 1
github.com/agilira/iris/format_helpers.go:55.10,57.5 1 1
github.com/agilira/iris/format_helpers.go:60.2,60.20 1 1
github.com/agilira/iris/format_helpers.go:64.48,65.30 1 1
github.com/agilira/iris/format_helpers.go:65.30,68.50 2 1
github.com/agilira/iris/format_helpers.go:68.50,70.4 1 1
github.com/agilira/iris/format_helpers.go:72.2,72.14 1 1
github.com/agilira/iris/format_helpers.go:76.44,77.17 1 1
github.com/agilira/iris/format_helpers.go:77.17,79.3 1 1
github.com/agilira/iris/format_helpers.go:81.2,81.30 1 1
github.com/agilira/iris/format_helpers.go:81.30,85.59 2 1
github.com/agilira/iris/format_helpers.go:85.59,87.4 1 1
github.com/agilira/iris/format_helpers.go:89.2,89.14 1 1
github.com/agilira/iris/format_text.go:20.44,24.2 1 1
github.com/agilira/iris/format_text.go:27.35,29.2 1 1
github.com/agilira/iris/format_text.go:32.42,34.2 1 1
github.com/agilira/iris/format_text.go:38.148,53.2 9 1
github.com/agilira/iris/format_text.go:56.147,59.25 2 1
github.com/agilira/iris/format_text.go:59.25,61.3 1 1
github.com/agilira/iris/format_text.go:63.2,65.31 3 1
github.com/agilira/iris/format_text.go:65.31,67.3 1 1
github.com/agilira/iris/format_text.go:68.2,68.18 1 1
github.com/agilira/iris/format_text.go:68.18,70.3 1 0
github.com/agilira/iris/format_text.go:71.2,71.22 1 1
github.com/agilira/iris/format_text.go:71.22,73.3 1 1
github.com/agilira/iris/format_text.go:76.2,76.32 1 1
github.com/agilira/iris/format_text.go:76.32,78.3 1 0
github.com/agilira/iris/format_text.go:82.64,83.25 1 1
github.com/agilira/iris/format_text.go:83.25,86.3 2 1
github.com/agilira/iris/format_text.go:90.52,92.15 1 1
github.com/agilira/iris/format_text.go:93.18,94.37 1 1
github.com/agilira/iris/format_text.go:95.17,96.37 1 1
github.com/agilira/iris/format_text.go:97.17,98.37 1 1
github.com/agilira/iris/format_text.go:99.18,100.37 1 1
github.com/agilira/iris/format_text.go:101.18,102.37 1 1
github.com/agilira/iris/format_text.go:103.10,104.37 1 0
github.com/agilira/iris/format_text.go:109.57,111.2 1 1
github.com/agilira/iris/format_text.go:114.55,115.19 1 1
github.com/agilira/iris/format_text.go:115.19,117.3 1 1
github.com/agilira/iris/format_text.go:119.2,123.51 3 1
github.com/agilira/iris/format_text.go:123.51,125.3 1 1
github.com/agilira/iris/format_text.go:127.2,130.28 4 1
github.com/agilira/iris/format_text.go:134.68,135.22 1 1
github.com/agilira/iris/format_text.go:135.22,137.3 1 1
github.com/agilira/iris/format_text.go:139.2,140.31 2 1
github.com/agilira/iris/format_text.go:140.31,141.12 1 1
github.com/agilira/iris/format_text.go:141.12,143.4 1 0
github.com/agilira/iris/format_text.go:144.3,146.32 3 1
github.com/agilira/iris/format_text.go:151.63,152.22 1 1
github.com/agilira/iris/format_text.go:152.22,155.3 2 1
github.com/agilira/iris/format_text.go:159.151,174.2 9 1
github.com/agilira/iris/format_text.go:177.153,180.25 2 1
github.com/agilira/iris/format_text.go:180.25,182.3 1 1
github.com/agilira/iris/format_text.go:184.2,186.31 3 1
github.com/agilira/iris/format_text.go:186.31,188.3 1 1
github.com/agilira/iris/format_text.go:189.2,189.18 1 1
github.com/agilira/iris/format_text.go:189.18,191.3 1 1
github.com/agilira/iris/format_text.go:192.2,192.22 1 1
github.com/agilira/iris/format_text.go:192.22,194.3 1 0
github.com/agilira/iris/format_text.go:197.2,197.32 1 1
github.com/agilira/iris/format_text.go:197.32,199.3 1 0
github.com/agilira/iris/format_text.go:203.65,204.22 1 1
github.com/agilira/iris/format_text.go:204.22,206.3 1 1
github.com/agilira/iris/format_text.go:208.2,209.31 2 1
github.com/agilira/iris/format_text.go:209.31,210.12 1 1
github.com/agilira/iris/format_text.go:210.12,212.4 1 1
github.com/agilira/iris/format_text.go:213.3,215.41 3 1
github.com/agilira/iris/format_text.go:220.67,222.20 1 1
github.com/agilira/iris/format_text.go:223.66,225.46 1 0
github.com/agilira/iris/format_text.go:226.93,228.55 1 1
github.com/agilira/iris/format_text.go:229.23,231.37 1 0
github.com/agilira/iris/format_text.go:232.46,233.38 1 0
github.com/agilira/iris/format_text.go:234.98,235.36 1 0
github.com/agilira/iris/format_text.go:236.44,237.37 1 0
github.com/agilira/iris/format_text.go:238.25,240.41 1 0
github.com/agilira/iris/format_text.go:241.10,243.34 1 0
github.com/agilira/iris/format_text.go:248.73,249.38 1 0
github.com/agilira/iris/format_text.go:249.38,251.3 1 0
github.com/agilira/iris/format_text.go:251.8,253.3 1 0
github.com/agilira/iris/format_text.go:257.72,258.39 1 0
github.com/agilira/iris/format_text.go:258.39,260.3 1 0
github.com/agilira/iris/format_text.go:260.8,262.3 1 0
github.com/agilira/iris/format_text.go:266.70,268.20 1 1
github.com/agilira/iris/format_text.go:269.18,270.36 1 1
github.com/agilira/iris/format_text.go:271.58,272.30 1 1
github.com/agilira/iris/format_text.go:273.16,274.32 1 1
github.com/agilira/iris/format_text.go:275.32,276.37 1 1
github.com/agilira/iris/format_text.go:277.63,278.31 1 0
github.com/agilira/iris/format_text.go:279.30,280.36 1 1
github.com/agilira/iris/format_text.go:281.22,282.39 1 1
github.com/agilira/iris/format_text.go:283.17,284.32 1 1
github.com/agilira/iris/format_text.go:285.18,287.41 1 1
github.com/agilira/iris/format_text.go:288.10,289.25 1 1
github.com/agilira/iris/format_text.go:294.66,295.31 1 1
github.com/agilira/iris/format_text.go:295.31,297.3 1 1
github.com/agilira/iris/format_text.go:297.8,299.3 1 0
github.com/agilira/iris/format_text.go:303.65,304.32 1 1
github.com/agilira/iris/format_text.go:304.32,306.3 1 1
github.com/agilira/iris/format_text.go:306.8,308.3 1 1
github.com/agilira/iris/format_text.go:312.55,314.35 1 1
github.com/agilira/iris/format_text.go:314.35,317.3 2 0
github.com/agilira/iris/format_text.go:317.8,319.3 1 1
github.com/agilira/iris/format_text.go:323.51,325.2 1 1
github.com/agilira/iris/format_text.go:328.51,329.7 1 1
github.com/agilira/iris/format_text.go:329.7,331.3 1 1
github.com/agilira/iris/format_text.go:331.8,333.3 1 1
github.com/agilira/iris/format_text.go:337.57,339.2 1 1
github.com/agilira/iris/format_text.go:342.57,344.2 1 0
github.com/agilira/iris/format_text.go:347.52,351.2 2 0
github.com/agilira/iris/format_text.go:354.57,357.2 2 1
github.com/agilira/iris/format_text.go:360.53,363.2 2 1
github.com/agilira/iris/format_text.go:366.63,368.2 1 1
github.com/agilira/iris/format_text.go:371.55,372.16 1 1
github.com/agilira/iris/format_text.go:372.16,374.3 1 1
github.com/agilira/iris/format_text.go:374.8,376.3 1 0
github.com/agilira/iris/format_text.go:380.48,382.2 1 1
github.com/agilira/iris/format_types.go:26.33,27.11 1 1
github.com/agilira/iris/format_types.go:28.18,29.16 1 1
github.com/agilira/iris/format_types.go:30.21,31.19 1 1
github.com/agilira/iris/format_types.go:32.22,33.16 1 1
github.com/agilira/iris/format_types.go:34.20,35.18 1 1
github.com/agilira/iris/format_types.go:36.10,37.19 1 1
github.com/agilira/iris/format_types.go:72.43,79.2 1 1
github.com/agilira/iris/iris.go:61.51,62.38 1 1
github.com/agilira/iris/iris.go:62.38,64.3 1 1
github.com/agilira/iris/iris.go:69.2,73.16 3 1
github.com/agilira/iris/iris.go:73.16,77.3 2 0
github.com/agilira/iris/iris.go:81.2,81.21 1 1
github.com/agilira/iris/iris.go:86.32,92.37 3 1
github.com/agilira/iris/iris.go:92.37,95.3 1 0
github.com/agilira/iris/iris.go:95.8,98.3 1 1
github.com/agilira/iris/iris.go:101.2,101.21 1 1
github.com/agilira/iris/iris.go:106.35,111.2 1 1
github.com/agilira/iris/iris.go:114.24,117.2 2 1
github.com/agilira/iris/level.go:57.32,59.40 1 1
github.com/agilira/iris/level.go:59.40,61.3 1 1
github.com/agilira/iris/level.go:64.2,64.44 1 1
github.com/agilira/iris/level.go:69.39,71.40 1 1
github.com/agilira/iris/level.go:71.40,73.3 1 1
github.com/agilira/iris/level.go:76.2,76.44 1 1
github.com/agilira/iris/level.go:81.31,82.22 1 1
github.com/agilira/iris/level.go:82.22,84.3 1 0
github.com/agilira/iris/level.go:85.2,85.22 1 1
github.com/agilira/iris/level.go:85.22,87.3 1 0
github.com/agilira/iris/level.go:89.2,89.29 1 1
github.com/agilira/iris/level.go:93.40,95.2 1 1
github.com/agilira/iris/level.go:98.35,100.2 1 1
github.com/agilira/iris/level.go:103.34,105.2 1 1
github.com/agilira/iris/level.go:108.32,109.11 1 1
github.com/agilira/iris/level.go:110.19,113.28 1 1
github.com/agilira/iris/level.go:114.18,115.27 1 1
github.com/agilira/iris/level.go:116.18,117.13 1 0
github.com/agilira/iris/management.go:14.26,15.38 1 1
github.com/agilira/iris/management.go:15.38,17.3 1 1
github.com/agilira/iris/management.go:19.2,26.61 4 1
github.com/agilira/iris/management.go:26.61,29.3 1 1
github.com/agilira/iris/management.go:33.49,34.15 1 1
github.com/agilira/iris/management.go:34.15,38.3 2 1
github.com/agilira/iris/management.go:40.2,42.12 3 1
github.com/agilira/iris/management.go:46.51,47.15 1 1
github.com/agilira/iris/management.go:47.15,49.3 1 0
github.com/agilira/iris/management.go:51.2,51.55 1 1
github.com/agilira/iris/management.go:55.59,56.15 1 1
github.com/agilira/iris/management.go:56.15,60.3 2 1
github.com/agilira/iris/management.go:62.2,64.12 3 1
github.com/agilira/iris/management.go:68.36,69.15 1 1
github.com/agilira/iris/management.go:69.15,71.3 1 1
github.com/agilira/iris/management.go:73.2,73.30 1 1
github.com/agilira/iris/management.go:80.52,81.22 1 1
github.com/agilira/iris/management.go:81.22,83.3 1 1
github.com/agilira/iris/management.go:85.2,86.15 2 1
github.com/agilira/iris/management.go:90.43,92.2 1 0
github.com/agilira/iris/management.go:96.60,97.19 1 0
github.com/agilira/iris/management.go:97.19,100.3 2 0
github.com/agilira/iris/management.go:102.2,102.33 1 0
github.com/agilira/iris/management.go:107.31,108.38 1 1
github.com/agilira/iris/management.go:108.38,110.3 1 1
github.com/agilira/iris/management.go:116.2,116.38 1 1
github.com/agilira/iris/management.go:116.38,118.3 1 0
github.com/agilira/iris/management.go:121.2,121.46 1 1
github.com/agilira/iris/management.go:121.46,123.3 1 1
github.com/agilira/iris/management.go:125.2,125.12 1 0
github.com/agilira/iris/methods.go:18.67,21.65 1 1
github.com/agilira/iris/methods.go:21.65,23.3 1 1
github.com/agilira/iris/methods.go:26.2,26.48 1 1
github.com/agilira/iris/methods.go:26.48,28.3 1 1
github.com/agilira/iris/methods.go:31.2,34.65 2 1
github.com/agilira/iris/methods.go:38.85,39.22 1 1
github.com/agilira/iris/methods.go:39.22,41.3 1 1
github.com/agilira/iris/methods.go:45.2,50.25 2 1
github.com/agilira/iris/methods.go:50.25,52.3 1 1
github.com/agilira/iris/methods.go:55.2,55.50 1 1
github.com/agilira/iris/methods.go:59.63,64.20 3 1
github.com/agilira/iris/methods.go:64.20,66.3 1 1
github.com/agilira/iris/methods.go:69.2,69.58 1 1
github.com/agilira/iris/methods.go:69.58,72.19 2 1
github.com/agilira/iris/methods.go:72.19,74.4 1 1
github.com/agilira/iris/methods.go:77.2,77.27 1 1
github.com/agilira/iris/methods.go:81.115,82.37 1 1
github.com/agilira/iris/methods.go:82.37,84.26 1 1
github.com/agilira/iris/methods.go:84.26,86.4 1 1
github.com/agilira/iris/methods.go:87.3,93.31 5 1
github.com/agilira/iris/methods.go:98.66,103.26 4 1
github.com/agilira/iris/methods.go:103.26,106.3 1 1
github.com/agilira/iris/methods.go:106.8,106.34 1 1
github.com/agilira/iris/methods.go:106.34,111.3 3 1
github.com/agilira/iris/methods.go:111.8,117.3 4 0
github.com/agilira/iris/methods.go:121.56,124.61 1 1
github.com/agilira/iris/methods.go:124.61,126.3 1 1
github.com/agilira/iris/methods.go:127.2,127.35 1 1
github.com/agilira/iris/methods.go:131.57,133.62 1 1
github.com/agilira/iris/methods.go:133.62,135.3 1 1
github.com/agilira/iris/methods.go:136.2,136.36 1 1
github.com/agilira/iris/methods.go:140.56,142.2 1 1
github.com/agilira/iris/methods.go:145.57,147.2 1 1
github.com/agilira/iris/methods.go:150.58,153.2 2 1
github.com/agilira/iris/methods.go:156.57,159.2 2 1
github.com/agilira/iris/methods.go:162.57,166.2 3 1
github.com/agilira/iris/methods.go:170.48,171.22 1 1
github.com/agilira/iris/methods.go:171.22,173.3 1 1
github.com/agilira/iris/methods.go:176.2,180.26 3 1
github.com/agilira/iris/methods.go:180.26,185.3 3 1
github.com/agilira/iris/methods.go:185.8,189.3 2 1
github.com/agilira/iris/methods.go:191.2,192.15 2 1
github.com/agilira/iris/methods.go:196.37,197.21 1 1
github.com/agilira/iris/methods.go:197.21,199.3 1 0
github.com/agilira/iris/methods.go:202.2,203.9 2 1
github.com/agilira/iris/methods.go:203.9,205.3 1 0
github.com/agilira/iris/methods.go:207.2,215.39 2 1
github.com/agilira/iris/methods.go:215.39,218.53 1 1
github.com/agilira/iris/methods.go:218.53,221.4 1 0
github.com/agilira/iris/methods.go:221.9,224.46 1 1
github.com/agilira/iris/methods.go:224.46,229.5 3 1
github.com/agilira/iris/methods.go:233.2,233.15 1 1
github.com/agilira/iris/multioutput.go:16.64,31.2 7 1
github.com/agilira/iris/multioutput.go:34.80,38.15 3 1
github.com/agilira/iris/multioutput.go:38.15,40.3 1 1
github.com/agilira/iris/multioutput.go:41.2,41.18 1 1
github.com/agilira/iris/multioutput.go:41.18,43.3 1 1
github.com/agilira/iris/multioutput.go:45.2,48.22 3 1
github.com/agilira/iris/multioutput.go:48.22,50.3 1 1
github.com/agilira/iris/multioutput.go:51.2,51.22 1 1
github.com/agilira/iris/multioutput.go:51.22,53.3 1 1
github.com/agilira/iris/multioutput.go:55.2,55.25 1 1
github.com/agilira/iris/multioutput.go:59.84,61.15 1 1
github.com/agilira/iris/multioutput.go:61.15,63.3 1 1
github.com/agilira/iris/multioutput.go:64.2,64.18 1 1
github.com/agilira/iris/multioutput.go:64.18,66.3 1 1
github.com/agilira/iris/multioutput.go:67.2,67.16 1 1
github.com/agilira/iris/multioutput.go:71.81,73.22 1 1
github.com/agilira/iris/multioutput.go:73.22,74.36 1 1
github.com/agilira/iris/multioutput.go:74.36,75.63 1 1
github.com/agilira/iris/multioutput.go:75.63,77.5 1 1
github.com/agilira/iris/multioutput.go:81.2,81.16 1 1
github.com/agilira/iris/multioutput.go:85.119,87.24 1 1
github.com/agilira/iris/multioutput.go:87.24,89.3 1 1
github.com/agilira/iris/multioutput.go:90.2,90.29 1 1
github.com/agilira/iris/multioutput.go:90.29,92.3 1 1
github.com/agilira/iris/multioutput.go:93.2,93.25 1 1
github.com/agilira/iris/multioutput.go:97.110,99.22 1 1
github.com/agilira/iris/multioutput.go:99.22,101.3 1 1
github.com/agilira/iris/multioutput.go:102.2,102.22 1 1
github.com/agilira/iris/multioutput.go:102.22,104.3 1 1
github.com/agilira/iris/multioutput.go:108.94,111.2 2 1
github.com/agilira/iris/multioutput.go:117.81,131.61 3 1
github.com/agilira/iris/multioutput.go:131.61,133.3 1 1
github.com/agilira/iris/multioutput.go:133.8,135.3 1 0
github.com/agilira/iris/multioutput.go:137.2,137.20 1 1
github.com/agilira/iris/multioutput.go:142.64,154.61 3 1
github.com/agilira/iris/multioutput.go:154.61,156.3 1 1
github.com/agilira/iris/multioutput.go:156.8,158.3 1 0
github.com/agilira/iris/multioutput.go:160.2,160.20 1 1
github.com/agilira/iris/multioutput.go:165.63,176.61 3 1
github.com/agilira/iris/multioutput.go:176.61,178.3 1 1
github.com/agilira/iris/multioutput.go:178.8,180.3 1 0
github.com/agilira/iris/multioutput.go:182.2,182.20 1 1
github.com/agilira/iris/multioutput.go:187.74,200.33 3 1
github.com/agilira/iris/multioutput.go:200.33,201.62 1 1
github.com/agilira/iris/multioutput.go:201.62,203.4 1 1
github.com/agilira/iris/multioutput.go:207.2,207.20 1 1
github.com/agilira/iris/multiwriter.go:25.58,28.23 2 1
github.com/agilira/iris/multiwriter.go:28.23,30.3 1 1
github.com/agilira/iris/multiwriter.go:30.8,34.3 2 1
github.com/agilira/iris/multiwriter.go:36.2,39.11 3 1
github.com/agilira/iris/multiwriter.go:43.51,45.2 1 1
github.com/agilira/iris/multiwriter.go:48.58,51.2 1 1
github.com/agilira/iris/multiwriter.go:55.59,58.23 2 1
github.com/agilira/iris/multiwriter.go:58.23,60.3 1 1
github.com/agilira/iris/multiwriter.go:63.2,63.23 1 1
github.com/agilira/iris/multiwriter.go:63.23,69.3 3 1
github.com/agilira/iris/multiwriter.go:74.2,81.28 5 1
github.com/agilira/iris/multiwriter.go:81.28,83.37 2 1
github.com/agilira/iris/multiwriter.go:83.37,85.4 1 1
github.com/agilira/iris/multiwriter.go:87.3,87.13 1 1
github.com/agilira/iris/multiwriter.go:87.13,89.4 1 1
github.com/agilira/iris/multiwriter.go:92.2,92.20 1 1
github.com/agilira/iris/multiwriter.go:97.37,101.28 3 1
github.com/agilira/iris/multiwriter.go:101.28,102.53 1 1
github.com/agilira/iris/multiwriter.go:102.53,104.4 1 1
github.com/agilira/iris/multiwriter.go:107.2,107.17 1 1
github.com/agilira/iris/multiwriter.go:111.54,120.2 7 1
github.com/agilira/iris/multiwriter.go:123.62,128.28 4 1
github.com/agilira/iris/multiwriter.go:128.28,129.18 1 1
github.com/agilira/iris/multiwriter.go:129.18,136.4 5 1
github.com/agilira/iris/multiwriter.go:139.2,139.14 1 1
github.com/agilira/iris/multiwriter.go:143.48,148.2 4 1
github.com/agilira/iris/multiwriter.go:151.36,154.2 2 1
github.com/agilira/iris/multiwriter.go:162.43,164.2 1 1
github.com/agilira/iris/multiwriter.go:167.42,168.35 1 1
github.com/agilira/iris/multiwriter.go:168.35,170.3 1 1
github.com/agilira/iris/multiwriter.go:171.2,171.39 1 1
github.com/agilira/iris/presets.go:26.30,89.2 7 1
github.com/agilira/iris/presets.go:93.40,96.2 2 1
github.com/agilira/iris/presets.go:100.39,103.2 2 1
github.com/agilira/iris/presets.go:107.36,110.2 2 1
github.com/agilira/iris/presets.go:114.38,117.2 2 1
github.com/agilira/iris/presets.go:121.37,124.2 2 1
github.com/agilira/iris/presets.go:128.54,131.2 2 1
github.com/agilira/iris/presets.go:135.48,138.2 2 1
github.com/agilira/iris/presets.go:142.33,145.2 2 1
github.com/agilira/iris/presets.go:149.32,152.2 2 1
github.com/agilira/iris/presets.go:156.29,159.2 2 1
github.com/agilira/iris/presets.go:163.47,166.2 2 1
github.com/agilira/iris/presets.go:170.41,173.2 2 1
github.com/agilira/iris/presets.go:177.57,179.16 2 1
github.com/agilira/iris/presets.go:179.16,181.3 1 1
github.com/agilira/iris/presets.go:183.2,187.20 4 1
github.com/agilira/iris/presets.go:192.63,200.2 6 1
github.com/agilira/iris/sampling.go:52.49,53.25 1 1
github.com/agilira/iris/sampling.go:53.25,55.3 1 1
github.com/agilira/iris/sampling.go:56.2,56.28 1 1
github.com/agilira/iris/sampling.go:56.28,58.3 1 0
github.com/agilira/iris/sampling.go:60.2,67.77 2 1
github.com/agilira/iris/sampling.go:67.77,70.3 2 0
github.com/agilira/iris/sampling.go:72.2,72.16 1 1
github.com/agilira/iris/sampling.go:76.59,81.23 2 1
github.com/agilira/iris/sampling.go:81.23,85.42 3 1
github.com/agilira/iris/sampling.go:85.42,87.62 1 1
github.com/agilira/iris/sampling.go:87.62,90.5 2 1
github.com/agilira/iris/sampling.go:94.2,97.27 2 1
github.com/agilira/iris/sampling.go:97.27,101.3 2 1
github.com/agilira/iris/sampling.go:101.8,107.19 3 1
github.com/agilira/iris/sampling.go:107.19,110.4 1 0
github.com/agilira/iris/sampling.go:110.9,113.4 1 1
github.com/agilira/iris/sampling.go:115.3,115.19 1 1
github.com/agilira/iris/sampling.go:115.19,118.4 2 1
github.com/agilira/iris/sampling.go:118.9,121.4 2 1
github.com/agilira/iris/sampling.go:125.2,125.15 1 1
github.com/agilira/iris/sampling.go:125.15,127.3 1 0
github.com/agilira/iris/sampling.go:129.2,129.17 1 1
github.com/agilira/iris/sampling.go:133.41,139.2 1 1
github.com/agilira/iris/sampling.go:149.47,150.18 1 1
github.com/agilira/iris/sampling.go:150.18,152.3 1 1
github.com/agilira/iris/sampling.go:153.2,153.52 1 1
github.com/agilira/iris/sampling.go:157.43,158.18 1 1
github.com/agilira/iris/sampling.go:158.18,160.3 1 1
github.com/agilira/iris/sampling.go:161.2,161.52 1 1
github.com/agilira/iris/sampling.go:170.46,176.2 1 1
github.com/agilira/iris/sampling.go:182.45,188.2 1 1
github.com/agilira/iris/sampling.go:194.45,200.2 1 1
github.com/agilira/iris/structured_logger.go:4.73,12.2 2 1
github.com/agilira/iris/structured_logger.go:22.49,23.41 1 1
github.com/agilira/iris/structured_logger.go:23.41,25.3 1 1
github.com/agilira/iris/structured_logger.go:29.2,29.46 1 1
github.com/agilira/iris/structured_logger.go:33.50,35.34 2 1
github.com/agilira/iris/structured_logger.go:35.34,37.21 2 1
github.com/agilira/iris/structured_logger.go:38.19,39.32 1 1
github.com/agilira/iris/structured_logger.go:40.16,41.16 1 1
github.com/agilira/iris/structured_logger.go:42.17,43.16 1 0
github.com/agilira/iris/structured_logger.go:46.2,46.16 1 1
github.com/agilira/iris/timecache.go:25.13,33.2 4 1
github.com/agilira/iris/timecache.go:36.35,37.6 1 1
github.com/agilira/iris/timecache.go:37.6,38.10 1 1
github.com/agilira/iris/timecache.go:39.22,41.64 1 1
github.com/agilira/iris/timecache.go:42.20,44.10 2 0
github.com/agilira/iris/timecache.go:50.29,52.2 1 1
github.com/agilira/iris/timecache.go:55.29,58.2 2 1
github.com/agilira/iris/timecache.go:61.22,63.2 1 0
github.com/agilira/iris/writer.go:25.51,27.2 1 1
github.com/agilira/iris/writer.go:30.57,32.2 1 1
github.com/agilira/iris/writer.go:49.54,52.16 2 1
github.com/agilira/iris/writer.go:52.16,54.3 1 1
github.com/agilira/iris/writer.go:56.2,59.8 1 1
github.com/agilira/iris/writer.go:63.54,65.2 1 1
github.com/agilira/iris/writer.go:68.36,70.2 1 1
github.com/agilira/iris/writer.go:73.35,75.2 1 1
github.com/agilira/iris/writesyncers.go:17.68,20.16 2 1
github.com/agilira/iris/writesyncers.go:20.16,22.3 1 1
github.com/agilira/iris/writesyncers.go:24.2,24.42 1 1
github.com/agilira/iris/writesyncers.go:28.62,32.2 3 1
github.com/agilira/iris/writesyncers.go:35.40,39.2 3 1
github.com/agilira/iris/writesyncers.go:42.41,46.2 3 1
github.com/agilira/iris/writesyncers.go:57.86,62.2 1 1
github.com/agilira/iris/writesyncers.go:65.66,71.17 4 1
github.com/agilira/iris/writesyncers.go:71.17,75.21 2 1
github.com/agilira/iris/writesyncers.go:75.21,77.42 1 1
github.com/agilira/iris/writesyncers.go:77.42,79.5 1 0
github.com/agilira/iris/writesyncers.go:80.4,80.29 1 1
github.com/agilira/iris/writesyncers.go:84.3,85.25 2 1
github.com/agilira/iris/writesyncers.go:85.25,87.4 1 1
github.com/agilira/iris/writesyncers.go:89.3,92.25 4 1
github.com/agilira/iris/writesyncers.go:95.2,95.26 1 1
github.com/agilira/iris/writesyncers.go:99.44,103.40 3 1
github.com/agilira/iris/writesyncers.go:103.40,105.3 1 1
github.com/agilira/iris/writesyncers.go:107.2,107.24 1 1
github.com/agilira/iris/writesyncers.go:111.51,112.16 1 1
github.com/agilira/iris/writesyncers.go:112.16,114.3 1 0
github.com/agilira/iris/writesyncers.go:116.2,119.12 3 1
github.com/agilira/iris/writesyncers.go:126.65,128.2 1 1
github.com/agilira/iris/writesyncers.go:131.43,133.2 1 1
